<?xml version="1.0" encoding="UTF-8"?>
<!-- Generated by org.testng.reporters.JUnitReportReporter -->
<testsuite skipped="0" hostname="INHYDKRLSOWMYA" name="com.automation.mobielshop.kpn.mobielInternet.TC003_MobielInternet_Products_validation_priceDetails" tests="1" failures="0" timestamp="14 Aug 2018 05:36:48 GMT" time="42.968" errors="0">
  <testcase name="priceValidation_MobielInternet_EndToEnd" time="42.968" classname="com.automation.mobielshop.kpn.mobielInternet.TC003_MobielInternet_Products_validation_priceDetails"/>
</testsuite> <!-- com.automation.mobielshop.kpn.mobielInternet.TC003_MobielInternet_Products_validation_priceDetails -->
