<?xml version="1.0" encoding="UTF-8"?>
<!-- Generated by org.testng.reporters.JUnitReportReporter -->
<testsuite skipped="0" hostname="INHYDKRLSOWMYA" name="com.automation.mobielshop.kpn.tablets.TC004_Tablets_products_Validation_productDetailsPage" tests="1" failures="0" timestamp="15 Feb 2019 05:20:49 GMT" time="19.749" errors="0">
  <testcase name="DetailsPageValidation" time="19.749" classname="com.automation.mobielshop.kpn.tablets.TC004_Tablets_products_Validation_productDetailsPage"/>
</testsuite> <!-- com.automation.mobielshop.kpn.tablets.TC004_Tablets_products_Validation_productDetailsPage -->
