<?xml version="1.0" encoding="UTF-8"?>
<!-- Generated by org.testng.reporters.JUnitReportReporter -->
<testsuite skipped="0" hostname="INHYDKRLSOWMYA" name="com.automation.mobielshop.kpn.telefoons.TC003_phones_Products_FilterValidations" tests="1" failures="0" timestamp="14 Feb 2019 06:49:09 GMT" time="16.712" errors="0">
  <testcase name="Product_Validation" time="16.712" classname="com.automation.mobielshop.kpn.telefoons.TC003_phones_Products_FilterValidations"/>
</testsuite> <!-- com.automation.mobielshop.kpn.telefoons.TC003_phones_Products_FilterValidations -->
