<?xml version="1.0" encoding="UTF-8"?>
<!-- Generated by org.testng.reporters.JUnitReportReporter -->
<testsuite skipped="0" hostname="INHYDKRLSOWMYA" name="com.automation.mobielshop.kpn.prepaid.TC001_Prepaid_verifyProductBuying" tests="1" failures="0" timestamp="22 Aug 2018 03:51:42 GMT" time="90.584" errors="0">
  <testcase name="Prepaid_VerifyProductBuying" time="90.584" classname="com.automation.mobielshop.kpn.prepaid.TC001_Prepaid_verifyProductBuying"/>
</testsuite> <!-- com.automation.mobielshop.kpn.prepaid.TC001_Prepaid_verifyProductBuying -->
