<?xml version="1.0" encoding="UTF-8"?>
<!-- Generated by org.testng.reporters.JUnitReportReporter -->
<testsuite skipped="0" hostname="INHYDKRLSOWMYA" name="com.automation.mobielshop.kpn.tablets.TC001_Tablets_VerifyProductBuying_WithSubscription" tests="1" failures="0" timestamp="23 Aug 2018 03:58:53 GMT" time="53.649" errors="0">
  <testcase name="Tablets_VerifyProductBuying_WithSubscription" time="53.649" classname="com.automation.mobielshop.kpn.tablets.TC001_Tablets_VerifyProductBuying_WithSubscription"/>
</testsuite> <!-- com.automation.mobielshop.kpn.tablets.TC001_Tablets_VerifyProductBuying_WithSubscription -->
