<?xml version="1.0" encoding="UTF-8"?>
<!-- Generated by org.testng.reporters.JUnitReportReporter -->
<testsuite skipped="0" hostname="INHYDKRLSOWMYA" name="com.automation.mobielshop.kpn.smartwatches.TC003_SmartWatches_products_validation" tests="1" failures="0" timestamp="10 Dec 2018 06:44:15 GMT" time="16.286" errors="0">
  <testcase name="Product_Validation" time="16.286" classname="com.automation.mobielshop.kpn.smartwatches.TC003_SmartWatches_products_validation"/>
</testsuite> <!-- com.automation.mobielshop.kpn.smartwatches.TC003_SmartWatches_products_validation -->
