<?xml version="1.0" encoding="UTF-8"?>
<!-- Generated by org.testng.reporters.JUnitReportReporter -->
<testsuite skipped="0" hostname="INHYDKRLSOWMYA" name="com.automation.mobielshop.kpn.telefoons.TC001_phones_VerifyiProductBuying_PriceValidation_NewUser" tests="1" failures="0" timestamp="14 Feb 2019 09:45:04 GMT" time="56.578" errors="0">
  <testcase name="Telefoons_VerifyProductBuying" time="56.578" classname="com.automation.mobielshop.kpn.telefoons.TC001_phones_VerifyiProductBuying_PriceValidation_NewUser"/>
</testsuite> <!-- com.automation.mobielshop.kpn.telefoons.TC001_phones_VerifyiProductBuying_PriceValidation_NewUser -->
