<?xml version="1.0" encoding="UTF-8"?>
<!-- Generated by org.testng.reporters.JUnitReportReporter -->
<testsuite skipped="0" hostname="INHYDKRLSOWMYA" name="com.automation.mobielshop.kpn.telefoons.TC003_phones_Products_Validation" tests="1" failures="0" timestamp="22 Aug 2018 04:04:15 GMT" time="8.045" errors="0">
  <testcase name="Product_Validation" time="8.045" classname="com.automation.mobielshop.kpn.telefoons.TC003_phones_Products_Validation"/>
</testsuite> <!-- com.automation.mobielshop.kpn.telefoons.TC003_phones_Products_Validation -->
