<?xml version="1.0" encoding="UTF-8"?>
<!-- Generated by org.testng.reporters.JUnitReportReporter -->
<testsuite skipped="0" hostname="INHYDKRLSOWMYA" name="com.automation.mobielshop.kpn.smartwatches.TC002_SmartWatches_VerifyProductBuying_AlreadyCustomer" tests="1" failures="0" timestamp="22 Aug 2018 03:51:42 GMT" time="84.072" errors="0">
  <testcase name="Smartwatches_VerifyProductBuying" time="84.072" classname="com.automation.mobielshop.kpn.smartwatches.TC002_SmartWatches_VerifyProductBuying_AlreadyCustomer"/>
</testsuite> <!-- com.automation.mobielshop.kpn.smartwatches.TC002_SmartWatches_VerifyProductBuying_AlreadyCustomer -->
