<?xml version="1.0" encoding="UTF-8"?>
<!-- Generated by org.testng.reporters.JUnitReportReporter -->
<testsuite skipped="0" hostname="INHYDKRLSOWMYA" name="com.automation.mobielshop.kpn.tablets.TC003_Tablets_products_FilterValidation" tests="1" failures="0" timestamp="14 Feb 2019 11:02:15 GMT" time="6.641" errors="0">
  <testcase name="Product_Validation" time="6.641" classname="com.automation.mobielshop.kpn.tablets.TC003_Tablets_products_FilterValidation"/>
</testsuite> <!-- com.automation.mobielshop.kpn.tablets.TC003_Tablets_products_FilterValidation -->
