<?xml version="1.0" encoding="UTF-8"?>
<!-- Generated by org.testng.reporters.JUnitReportReporter -->
<testsuite skipped="0" hostname="INHYDKRLSOWMYA" name="com.automation.mobielshop.kpn.telefoons.TC002_phones_VerifyProductBuying_ExistingUser" tests="1" failures="0" timestamp="22 Aug 2018 03:51:42 GMT" time="67.371" errors="0">
  <testcase name="ExistingUserRenew" time="67.371" classname="com.automation.mobielshop.kpn.telefoons.TC002_phones_VerifyProductBuying_ExistingUser"/>
</testsuite> <!-- com.automation.mobielshop.kpn.telefoons.TC002_phones_VerifyProductBuying_ExistingUser -->
