<?xml version="1.0" encoding="UTF-8"?>
<!-- Generated by org.testng.reporters.JUnitReportReporter -->
<testsuite skipped="0" hostname="INHYDKRLSOWMYA" name="com.automation.mobielshop.kpn.simOnly.TC001_simOnly_verifyProdctBuying_NewUser" tests="1" failures="0" timestamp="12 Dec 2018 05:54:21 GMT" time="65.349" errors="0">
  <testcase name="SimOnly_VerifyProductBuying" time="65.349" classname="com.automation.mobielshop.kpn.simOnly.TC001_simOnly_verifyProdctBuying_NewUser"/>
</testsuite> <!-- com.automation.mobielshop.kpn.simOnly.TC001_simOnly_verifyProdctBuying_NewUser -->
