<?xml version="1.0" encoding="UTF-8"?>
<!-- Generated by org.testng.reporters.JUnitReportReporter -->
<testsuite skipped="0" hostname="INHYDKRLSOWMYA" name="com.automation.mobielshop.kpn.tablets.TC002_Tablets_VerifyProductBuying_WithoutSubscription" tests="1" failures="0" timestamp="22 Aug 2018 03:51:42 GMT" time="87.565" errors="0">
  <testcase name="Tablets_VerifyProductBuying_WithoutSubscription" time="87.565" classname="com.automation.mobielshop.kpn.tablets.TC002_Tablets_VerifyProductBuying_WithoutSubscription"/>
</testsuite> <!-- com.automation.mobielshop.kpn.tablets.TC002_Tablets_VerifyProductBuying_WithoutSubscription -->
