<?xml version="1.0" encoding="UTF-8"?>
<!-- Generated by org.testng.reporters.JUnitReportReporter -->
<testsuite skipped="0" hostname="INHYDKRLSOWMYA" name="com.automation.mobielshop.kpn.telefoons.TC002_phones_VerifyProductBuying_PriceValidation_ExistingUser" tests="1" failures="0" timestamp="14 Feb 2019 06:36:27 GMT" time="51.438" errors="0">
  <testcase name="ExistingUserRenew" time="51.438" classname="com.automation.mobielshop.kpn.telefoons.TC002_phones_VerifyProductBuying_PriceValidation_ExistingUser"/>
</testsuite> <!-- com.automation.mobielshop.kpn.telefoons.TC002_phones_VerifyProductBuying_PriceValidation_ExistingUser -->
