<?xml version="1.0" encoding="UTF-8"?>
<!-- Generated by org.testng.reporters.JUnitReportReporter -->
<testsuite skipped="0" hostname="INHYDKRLSOWMYA" name="com.automation.mobielshop.kpn.tablets.TC005_Tablets_products_Validation_shoppingBasketPage" tests="1" failures="0" timestamp="15 Feb 2019 05:22:02 GMT" time="33.976" errors="0">
  <testcase name="shoppingBasketPageValidation" time="33.976" classname="com.automation.mobielshop.kpn.tablets.TC005_Tablets_products_Validation_shoppingBasketPage"/>
</testsuite> <!-- com.automation.mobielshop.kpn.tablets.TC005_Tablets_products_Validation_shoppingBasketPage -->
