<?xml version="1.0" encoding="UTF-8"?>
<!-- Generated by org.testng.reporters.JUnitReportReporter -->
<testsuite skipped="0" hostname="INHYDKRLSOWMYA" name="com.automation.mobielshop.kpn.tablets.TC001_Tablets_VerifyProductBuying_PriceValidation_WithSubscription" tests="1" failures="0" timestamp="15 Feb 2019 05:32:05 GMT" time="53.397" errors="0">
  <testcase name="priceValidation_Tablets_withSubscription_EndToEnd" time="53.397" classname="com.automation.mobielshop.kpn.tablets.TC001_Tablets_VerifyProductBuying_PriceValidation_WithSubscription"/>
</testsuite> <!-- com.automation.mobielshop.kpn.tablets.TC001_Tablets_VerifyProductBuying_PriceValidation_WithSubscription -->
