<?xml version="1.0" encoding="UTF-8"?>
<!-- Generated by org.testng.reporters.JUnitReportReporter -->
<testsuite skipped="0" hostname="INHYDKRLSOWMYA" name="com.automation.mobielshop.kpn.smartwatches.TC001_SmartWatches_VerifyProductBuying_NotAnExistingCustomer" tests="1" failures="0" timestamp="22 Aug 2018 03:51:42 GMT" time="82.668" errors="0">
  <testcase name="Smartwatches_VerifyProductBuying" time="82.668" classname="com.automation.mobielshop.kpn.smartwatches.TC001_SmartWatches_VerifyProductBuying_NotAnExistingCustomer"/>
</testsuite> <!-- com.automation.mobielshop.kpn.smartwatches.TC001_SmartWatches_VerifyProductBuying_NotAnExistingCustomer -->
