<?xml version="1.0" encoding="UTF-8"?>
<!-- Generated by org.testng.reporters.JUnitReportReporter -->
<testsuite skipped="0" hostname="INHYDKRLSOWMYA" name="com.automation.mobielshop.kpn.smartwatches.TC004_SmartWatches_products_validation" tests="1" failures="0" timestamp="22 Aug 2018 04:04:15 GMT" time="18.445" errors="0">
  <testcase name="Product_Validation" time="18.445" classname="com.automation.mobielshop.kpn.smartwatches.TC004_SmartWatches_products_validation"/>
</testsuite> <!-- com.automation.mobielshop.kpn.smartwatches.TC004_SmartWatches_products_validation -->
