<?xml version="1.0" encoding="UTF-8"?>
<!-- Generated by org.testng.reporters.JUnitReportReporter -->
<testsuite skipped="0" hostname="INHYDKRLSOWMYA" name="com.automation.mobielshop.kpn.telefoons.TC005_phones_Products_Validaton_shoppingBasketPage" tests="1" failures="0" timestamp="14 Feb 2019 09:04:35 GMT" time="60.475" errors="0">
  <testcase name="shoppingBasketPageValidation" time="60.475" classname="com.automation.mobielshop.kpn.telefoons.TC005_phones_Products_Validaton_shoppingBasketPage"/>
</testsuite> <!-- com.automation.mobielshop.kpn.telefoons.TC005_phones_Products_Validaton_shoppingBasketPage -->
